#
# There is insufficient memory for the Java Runtime Environment to continue.
# Native memory allocation (mmap) failed to map 65011712 bytes for G1 virtual space
# Possible reasons:
#   The system is out of physical RAM or swap space
#   The process is running with CompressedOops enabled, and the Java Heap may be blocking the growth of the native heap
# Possible solutions:
#   Reduce memory load on the system
#   Increase physical memory or swap space
#   Check if swap backing store is full
#   Decrease Java heap size (-Xmx/-Xms)
#   Decrease number of Java threads
#   Decrease Java thread stack sizes (-Xss)
#   Set larger code cache with -XX:ReservedCodeCacheSize=
#   JVM is running with Unscaled Compressed Oops mode in which the Java heap is
#     placed in the first 4GB address space. The Java Heap base address is the
#     maximum limit for the native heap growth. Please use -XX:HeapBaseMinAddress
#     to set the Java Heap base and to place the Java Heap above 4GB virtual address.
# This output file may be truncated or incomplete.
#
#  Out of Memory Error (os_windows.cpp:3466), pid=16672, tid=7312
#
# JRE version:  (16.0.2+7) (build )
# Java VM: Java HotSpot(TM) 64-Bit Server VM (16.0.2+7-67, mixed mode, sharing, tiered, compressed oops, compressed class ptrs, g1 gc, windows-amd64)
# No core dump will be written. Minidumps are not enabled by default on client versions of Windows
#

---------------  S U M M A R Y ------------

Command Line: C:\Users\jpsua\AppData\Local\Temp\surefire4282062148790244990\surefirebooter17380633911250149287.jar C:\Users\jpsua\AppData\Local\Temp\surefire4282062148790244990 2021-08-19T23-08-04_228-jvmRun1 surefire4997798657424683596tmp surefire_09940795602484303572tmp

Host: Intel(R) Core(TM) i5-8265U CPU @ 1.60GHz, 8 cores, 3G,  Windows 10 , 64 bit Build 19041 (10.0.19041.1151)
Time: Thu Aug 19 23:08:05 2021 SA Pacific Standard Time elapsed time: 0.054123 seconds (0d 0h 0m 0s)

---------------  T H R E A D  ---------------

Current thread (0x0000021d44c90a30):  JavaThread "Unknown thread" [_thread_in_vm, id=7312, stack(0x0000004249f00000,0x000000424a000000)]

Stack: [0x0000004249f00000,0x000000424a000000]
Native frames: (J=compiled Java code, j=interpreted, Vv=VM code, C=native code)
V  [jvm.dll+0x6681ca]
V  [jvm.dll+0x7c9e69]
V  [jvm.dll+0x7cb61e]
V  [jvm.dll+0x7cbc73]
V  [jvm.dll+0x242c55]
V  [jvm.dll+0x664f89]
V  [jvm.dll+0x659b75]
V  [jvm.dll+0x2fbfbb]
V  [jvm.dll+0x3031b6]
V  [jvm.dll+0x35299e]
V  [jvm.dll+0x352bcf]
V  [jvm.dll+0x2d3028]
V  [jvm.dll+0x2d4264]
V  [jvm.dll+0x79c741]
V  [jvm.dll+0x360791]
V  [jvm.dll+0x77a3f0]
V  [jvm.dll+0x3e4e8f]
V  [jvm.dll+0x3e6961]
C  [jli.dll+0x52fb]
C  [ucrtbase.dll+0x21bb2]
C  [KERNEL32.DLL+0x17034]
C  [ntdll.dll+0x52651]


---------------  P R O C E S S  ---------------

Threads class SMR info:
_java_thread_list=0x00007ffd3311cbb8, length=0, elements={
}

Java Threads: ( => current thread )

Other Threads:
  0x0000021d44cbf190 GCTaskThread "GC Thread#0" [stack: 0x000000424a000000,0x000000424a100000] [id=7148]
  0x0000021d44cc81c0 ConcurrentGCThread "G1 Main Marker" [stack: 0x000000424a100000,0x000000424a200000] [id=9312]
  0x0000021d44cc8a40 ConcurrentGCThread "G1 Conc#0" [stack: 0x000000424a200000,0x000000424a300000] [id=10352]

[error occurred during error reporting (printing all threads), id 0xc0000005, EXCEPTION_ACCESS_VIOLATION (0xc0000005) at pc=0x00007ffd328f3ee7]

VM state: not at safepoint (not fully initialized)

VM Mutex/Monitor currently owned by a thread:  ([mutex/lock_event])
[0x0000021d44c8b240] Heap_lock - owner thread: 0x0000021d44c90a30

Heap address: 0x00000000c2e00000, size: 978 MB, Compressed Oops mode: 32-bit

CDS archive(s) mapped at: [0x0000000000000000-0x0000000000000000-0x0000000000000000), size 0, SharedBaseAddress: 0x0000000800000000, ArchiveRelocationMode: 0.
Narrow klass base: 0x0000000000000000, Narrow klass shift: 0, Narrow klass range: 0x0

GC Precious Log:
<Empty>

Heap:
 garbage-first heap   total 0K, used 0K [0x00000000c2e00000, 0x0000000100000000)
  region size 1024K, 0 young (0K), 0 survivors (0K)

[error occurred during error reporting (printing heap information), id 0xc0000005, EXCEPTION_ACCESS_VIOLATION (0xc0000005) at pc=0x00007ffd32cd1eed]

GC Heap History (0 events):
No events

Deoptimization events (0 events):
No events

Classes unloaded (0 events):
No events

Classes redefined (0 events):
No events

Internal exceptions (0 events):
No events

Events (1 events):
Event: 0.030 Loaded shared library C:\Program Files\Java\jdk-16.0.2\bin\java.dll


Dynamic libraries:
0x00007ff602950000 - 0x00007ff602960000 	C:\Program Files\Java\jdk-16.0.2\bin\java.exe
0x00007ffd95730000 - 0x00007ffd95925000 	C:\WINDOWS\SYSTEM32\ntdll.dll
0x00007ffd949f0000 - 0x00007ffd94aad000 	C:\WINDOWS\System32\KERNEL32.DLL
0x00007ffd93160000 - 0x00007ffd93429000 	C:\WINDOWS\System32\KERNELBASE.dll
0x00007ffd93000000 - 0x00007ffd93100000 	C:\WINDOWS\System32\ucrtbase.dll
0x00007ffd68650000 - 0x00007ffd68669000 	C:\Program Files\Java\jdk-16.0.2\bin\VCRUNTIME140.dll
0x00007ffd67240000 - 0x00007ffd67258000 	C:\Program Files\Java\jdk-16.0.2\bin\jli.dll
0x00007ffd94c20000 - 0x00007ffd94ccc000 	C:\WINDOWS\System32\ADVAPI32.dll
0x00007ffd94ed0000 - 0x00007ffd94f6e000 	C:\WINDOWS\System32\msvcrt.dll
0x00007ffd94950000 - 0x00007ffd949eb000 	C:\WINDOWS\System32\sechost.dll
0x00007ffd93a70000 - 0x00007ffd93b9a000 	C:\WINDOWS\System32\RPCRT4.dll
0x00007ffd93790000 - 0x00007ffd93930000 	C:\WINDOWS\System32\USER32.dll
0x00007ffd93130000 - 0x00007ffd93152000 	C:\WINDOWS\System32\win32u.dll
0x00007ffd7eab0000 - 0x00007ffd7ed4a000 	C:\WINDOWS\WinSxS\amd64_microsoft.windows.common-controls_6595b64144ccf1df_6.0.19041.1110_none_60b5254171f9507e\COMCTL32.dll
0x00007ffd94e80000 - 0x00007ffd94eaa000 	C:\WINDOWS\System32\GDI32.dll
0x00007ffd93590000 - 0x00007ffd9369b000 	C:\WINDOWS\System32\gdi32full.dll
0x00007ffd92e60000 - 0x00007ffd92efd000 	C:\WINDOWS\System32\msvcp_win.dll
0x00007ffd884f0000 - 0x00007ffd884fa000 	C:\WINDOWS\SYSTEM32\VERSION.dll
0x00007ffd94ab0000 - 0x00007ffd94ae0000 	C:\WINDOWS\System32\IMM32.DLL
0x00007ffd8c600000 - 0x00007ffd8c60c000 	C:\Program Files\Java\jdk-16.0.2\bin\vcruntime140_1.dll
0x00007ffd60e00000 - 0x00007ffd60e91000 	C:\Program Files\Java\jdk-16.0.2\bin\msvcp140.dll
0x00007ffd32610000 - 0x00007ffd331bb000 	C:\Program Files\Java\jdk-16.0.2\bin\server\jvm.dll
0x00007ffd95040000 - 0x00007ffd95048000 	C:\WINDOWS\System32\PSAPI.DLL
0x00007ffd76f60000 - 0x00007ffd76f69000 	C:\WINDOWS\SYSTEM32\WSOCK32.dll
0x00007ffd685c0000 - 0x00007ffd685e7000 	C:\WINDOWS\SYSTEM32\WINMM.dll
0x00007ffd94bb0000 - 0x00007ffd94c1b000 	C:\WINDOWS\System32\WS2_32.dll
0x00007ffd916b0000 - 0x00007ffd916c2000 	C:\WINDOWS\SYSTEM32\kernel.appcore.dll
0x00007ffd8c080000 - 0x00007ffd8c08a000 	C:\Program Files\Java\jdk-16.0.2\bin\jimage.dll
0x00007ffd90a00000 - 0x00007ffd90be4000 	C:\WINDOWS\SYSTEM32\DBGHELP.DLL
0x00007ffd79740000 - 0x00007ffd7976c000 	C:\WINDOWS\SYSTEM32\dbgcore.DLL
0x00007ffd936a0000 - 0x00007ffd93723000 	C:\WINDOWS\System32\bcryptPrimitives.dll
0x00007ffd5da10000 - 0x00007ffd5da35000 	C:\Program Files\Java\jdk-16.0.2\bin\java.dll

dbghelp: loaded successfully - version: 4.0.5 - missing functions: none
symbol engine: initialized successfully - sym options: 0x614 - pdb path: .;C:\Program Files\Java\jdk-16.0.2\bin;C:\WINDOWS\SYSTEM32;C:\WINDOWS\WinSxS\amd64_microsoft.windows.common-controls_6595b64144ccf1df_6.0.19041.1110_none_60b5254171f9507e;C:\Program Files\Java\jdk-16.0.2\bin\server

VM Arguments:
java_command: C:\Users\jpsua\AppData\Local\Temp\surefire4282062148790244990\surefirebooter17380633911250149287.jar C:\Users\jpsua\AppData\Local\Temp\surefire4282062148790244990 2021-08-19T23-08-04_228-jvmRun1 surefire4997798657424683596tmp surefire_09940795602484303572tmp
java_class_path (initial): C:\Users\jpsua\AppData\Local\Temp\surefire4282062148790244990\surefirebooter17380633911250149287.jar
Launcher Type: SUN_STANDARD

[Global flags]
     intx CICompilerCount                          = 4                                         {product} {ergonomic}
     uint ConcGCThreads                            = 2                                         {product} {ergonomic}
     uint G1ConcRefinementThreads                  = 8                                         {product} {ergonomic}
   size_t G1HeapRegionSize                         = 1048576                                   {product} {ergonomic}
    uintx GCDrainStackTargetSize                   = 64                                        {product} {ergonomic}
   size_t InitialHeapSize                          = 65011712                                  {product} {ergonomic}
   size_t MarkStackSize                            = 4194304                                   {product} {ergonomic}
   size_t MaxHeapSize                              = 1025507328                                {product} {ergonomic}
   size_t MinHeapDeltaBytes                        = 1048576                                   {product} {ergonomic}
   size_t MinHeapSize                              = 8388608                                   {product} {ergonomic}
    uintx NonNMethodCodeHeapSize                   = 5839372                                {pd product} {ergonomic}
    uintx NonProfiledCodeHeapSize                  = 122909434                              {pd product} {ergonomic}
    uintx ProfiledCodeHeapSize                     = 122909434                              {pd product} {ergonomic}
    uintx ReservedCodeCacheSize                    = 251658240                              {pd product} {ergonomic}
     bool SegmentedCodeCache                       = true                                      {product} {ergonomic}
   size_t SoftMaxHeapSize                          = 1025507328                             {manageable} {ergonomic}
     bool UseCompressedClassPointers               = true                           {product lp64_product} {ergonomic}
     bool UseCompressedOops                        = true                           {product lp64_product} {ergonomic}
     bool UseG1GC                                  = true                                      {product} {ergonomic}
     bool UseLargePagesIndividualAllocation        = false                                  {pd product} {ergonomic}

Logging:
Log output configuration:
 #0: stdout all=warning uptime,level,tags
 #1: stderr all=off uptime,level,tags

Environment Variables:
JAVA_HOME=C:\Program Files\Java\jdk-16.0.2
PATH=C:\Users\jpsua\anaconda3;C:\Users\jpsua\anaconda3\Library\mingw-w64\bin;C:\Users\jpsua\anaconda3\Library\usr\bin;C:\Users\jpsua\anaconda3\Library\bin;C:\Users\jpsua\anaconda3\Scripts;C:\Users\jpsua\anaconda3\bin;C:\Users\jpsua\anaconda3\condabin;C:\Program Files\Common Files\Oracle\Java\javapath;C:\WINDOWS\system32;C:\WINDOWS;C:\WINDOWS\System32\Wbem;C:\WINDOWS\System32\WindowsPowerShell\v1.0;C:\WINDOWS\System32\OpenSSH;C:\Program Files\Intel\WiFi\bin;C:\Program Files\Common Files\Intel\WirelessCommon;C:\Program Files (x86)\SQLite3;C:\Program Files\Git\cmd;C:\Program Files\apache-maven-3.8.1\bin;.;C:\Program Files\Docker\Docker\resources\bin;C:\ProgramData\DockerDesktop\version-bin;C:\Program Files\nodejs;C:\Users\jpsua\AppData\Local\Programs\Python\Python39\Scripts;C:\Users\jpsua\AppData\Local\Programs\Python\Python39;C:\WINDOWS\system32;C:\WINDOWS;C:\WINDOWS\System32\Wbem;C:\WINDOWS\System32\WindowsPowerShell\v1.0;C:\WINDOWS\System32\OpenSSH;C:\Program Files\Intel\WiFi\bin;C:\Program Files\Common Files\Intel\WirelessCommon;C:\Users\jpsua\AppData\Local\Microsoft\WindowsApps;.;C:\Users\jpsua\AppData\Roaming\Microsoft\Windows\Start Menu\Programs\Python 3.9;C:\Users\jpsua\AppData\Local\Programs\Microsoft VS Code\bin;C:\Users\jpsua\AppData\Local\Microsoft\WindowsApps;C:\Program Files\heroku\bin;C:\Users\jpsua\AppData\Roaming\npm;C:\Program Files\JetBrains\IntelliJ IDEA 2021.2\bin;.;C:\Program Files\JetBrains\IntelliJ IDEA Community Edition 2021.2\bin;.
USERNAME=jpsua
OS=Windows_NT
PROCESSOR_IDENTIFIER=Intel64 Family 6 Model 142 Stepping 12, GenuineIntel



---------------  S Y S T E M  ---------------

OS:
 Windows 10 , 64 bit Build 19041 (10.0.19041.1151)
OS uptime: 4 days 6:10 hours
Hyper-V role detected

CPU: total 8 (initial active 8) (4 cores per cpu, 2 threads per core) family 6 model 142 stepping 12 microcode 0xde, cx8, cmov, fxsr, ht, mmx, 3dnowpref, sse, sse2, sse3, ssse3, sse4.1, sse4.2, popcnt, lzcnt, tsc, tscinvbit, avx, avx2, aes, erms, clmul, bmi1, bmi2, adx, fma, vzeroupper, clflush, clflushopt, hv

Memory: 4k page, system-wide physical 3910M (161M free)
TotalPageFile size 15686M (AvailPageFile size 22M)
current process WorkingSet (physical memory assigned to process): 9M, peak: 9M
current process commit charge ("private bytes"): 59M, peak: 121M

vm_info: Java HotSpot(TM) 64-Bit Server VM (16.0.2+7-67) for windows-amd64 JRE (16.0.2+7-67), built on Jun  8 2021 23:24:19 by "mach5one" with MS VC++ 16.7 (VS2019)

END.
